<?xml version="1.0" encoding="utf-8"?>
<?AutomationStudio Version="4.5.2.102"?>
<Objects>
  <Object
    Path="C:\Users\admin\Desktop\KVBO-03-21\Revunov\prak4\Logical\Package.pkg"
    LogicalPath=""
    Type="Package.ParentUnknown"
    LastWriteTime="132955443488795431" />
  <Object
    Path="C:\Users\admin\Desktop\KVBO-03-21\Revunov\prak4\Logical\Global.typ"
    LogicalPath="Global.typ"
    Type="File"
    LastWriteTime="132931218264912045"
    Private="false" />
  <Object
    Path="C:\Users\admin\Desktop\KVBO-03-21\Revunov\prak4\Logical\Global.var"
    LogicalPath="Global.var"
    Type="File"
    LastWriteTime="132955435852034011"
    Private="false" />
  <Object
    Path="C:\Users\admin\Desktop\KVBO-03-21\Revunov\prak4\Logical\Libraries\Package.pkg"
    LogicalPath="Libraries"
    Type="Package"
    LastWriteTime="132931286021649503" />
  <Object
    Path="C:\Users\admin\Desktop\KVBO-03-21\Revunov\prak4\Logical\Libraries\operator\binary.lby"
    LogicalPath="Libraries.operator"
    Type="Library"
    LastWriteTime="132894974200636210" />
  <Object
    Path="C:\Users\admin\Desktop\KVBO-03-21\Revunov\prak4\Logical\Libraries\operator\operator.fun"
    LogicalPath="Libraries.operator.operator.fun"
    Type="File"
    LastWriteTime="132894974200536263"
    Private="false" />
  <Object
    Path="C:\Users\admin\Desktop\KVBO-03-21\Revunov\prak4\Logical\Libraries\operator\operator.typ"
    LogicalPath="Libraries.operator.operator.typ"
    Type="File"
    LastWriteTime="132894974200586235"
    Private="false" />
  <Object
    Path="C:\Users\admin\Desktop\KVBO-03-21\Revunov\prak4\Logical\Libraries\operator\operator.var"
    LogicalPath="Libraries.operator.operator.var"
    Type="File"
    LastWriteTime="132894974200636210"
    Private="false" />
  <Object
    Path="C:\Users\admin\Desktop\KVBO-03-21\Revunov\prak4\Logical\Libraries\runtime\binary.lby"
    LogicalPath="Libraries.runtime"
    Type="Library"
    LastWriteTime="132894974204334226" />
  <Object
    Path="C:\Users\admin\Desktop\KVBO-03-21\Revunov\prak4\Logical\Libraries\runtime\runtime.fun"
    LogicalPath="Libraries.runtime.runtime.fun"
    Type="File"
    LastWriteTime="132894974204284553"
    Private="false" />
  <Object
    Path="C:\Users\admin\Desktop\KVBO-03-21\Revunov\prak4\Logical\Libraries\runtime\runtime.typ"
    LogicalPath="Libraries.runtime.runtime.typ"
    Type="File"
    LastWriteTime="132894974204284553"
    Private="false" />
  <Object
    Path="C:\Users\admin\Desktop\KVBO-03-21\Revunov\prak4\Logical\Libraries\runtime\runtime.var"
    LogicalPath="Libraries.runtime.runtime.var"
    Type="File"
    LastWriteTime="132894974204334226"
    Private="false" />
  <Object
    Path="C:\Users\admin\Desktop\KVBO-03-21\Revunov\prak4\Logical\Libraries\astime\binary.lby"
    LogicalPath="Libraries.astime"
    Type="Library"
    LastWriteTime="132894974207582780" />
  <Object
    Path="C:\Users\admin\Desktop\KVBO-03-21\Revunov\prak4\Logical\Libraries\astime\astime.fun"
    LogicalPath="Libraries.astime.astime.fun"
    Type="File"
    LastWriteTime="132894974207532518"
    Private="false" />
  <Object
    Path="C:\Users\admin\Desktop\KVBO-03-21\Revunov\prak4\Logical\Libraries\astime\astime.typ"
    LogicalPath="Libraries.astime.astime.typ"
    Type="File"
    LastWriteTime="132894974207582780"
    Private="false" />
  <Object
    Path="C:\Users\admin\Desktop\KVBO-03-21\Revunov\prak4\Logical\Libraries\astime\astime.var"
    LogicalPath="Libraries.astime.astime.var"
    Type="File"
    LastWriteTime="132894974207582780"
    Private="false" />
  <Object
    Path="C:\Users\admin\Desktop\KVBO-03-21\Revunov\prak4\Logical\Libraries\AsIecCon\binary.lby"
    LogicalPath="Libraries.AsIecCon"
    Type="Library"
    LastWriteTime="132894974210781063" />
  <Object
    Path="C:\Users\admin\Desktop\KVBO-03-21\Revunov\prak4\Logical\Libraries\AsIecCon\AsIecCon.fun"
    LogicalPath="Libraries.AsIecCon.AsIecCon.fun"
    Type="File"
    LastWriteTime="132894974210681127"
    Private="false" />
  <Object
    Path="C:\Users\admin\Desktop\KVBO-03-21\Revunov\prak4\Logical\Libraries\AsIecCon\AsIecCon.typ"
    LogicalPath="Libraries.AsIecCon.AsIecCon.typ"
    Type="File"
    LastWriteTime="132894974210730801"
    Private="false" />
  <Object
    Path="C:\Users\admin\Desktop\KVBO-03-21\Revunov\prak4\Logical\Libraries\AsIecCon\AsIecCon.var"
    LogicalPath="Libraries.AsIecCon.AsIecCon.var"
    Type="File"
    LastWriteTime="132894974210781063"
    Private="false" />
  <Object
    Path="C:\Users\admin\Desktop\KVBO-03-21\Revunov\prak4\Logical\Libraries\Acp10man\Binary.lby"
    LogicalPath="Libraries.Acp10man"
    Type="Library"
    LastWriteTime="132894985556217583" />
  <Object
    Path="C:\Users\admin\Desktop\KVBO-03-21\Revunov\prak4\Logical\Libraries\Acp10man\Acp10man.typ"
    LogicalPath="Libraries.Acp10man.Acp10man.typ"
    Type="File"
    LastWriteTime="132894985556217583"
    Private="false" />
  <Object
    Path="C:\Users\admin\Desktop\KVBO-03-21\Revunov\prak4\Logical\Libraries\Acp10par\Binary.lby"
    LogicalPath="Libraries.Acp10par"
    Type="Library"
    LastWriteTime="132894985556642477" />
  <Object
    Path="C:\Users\admin\Desktop\KVBO-03-21\Revunov\prak4\Logical\Libraries\Acp10par\Acp10par.var"
    LogicalPath="Libraries.Acp10par.Acp10par.var"
    Type="File"
    LastWriteTime="132894985556642477"
    Private="false" />
  <Object
    Path="C:\Users\admin\Desktop\KVBO-03-21\Revunov\prak4\Logical\Libraries\NcGlobal\Binary.lby"
    LogicalPath="Libraries.NcGlobal"
    Type="Library"
    LastWriteTime="132894985556942343" />
  <Object
    Path="C:\Users\admin\Desktop\KVBO-03-21\Revunov\prak4\Logical\Libraries\NcGlobal\NcGlobal.fun"
    LogicalPath="Libraries.NcGlobal.NcGlobal.fun"
    Type="File"
    LastWriteTime="132894985556892371"
    Private="false" />
  <Object
    Path="C:\Users\admin\Desktop\KVBO-03-21\Revunov\prak4\Logical\Libraries\NcGlobal\NcGlobal.typ"
    LogicalPath="Libraries.NcGlobal.NcGlobal.typ"
    Type="File"
    LastWriteTime="132894985556892371"
    Private="false" />
  <Object
    Path="C:\Users\admin\Desktop\KVBO-03-21\Revunov\prak4\Logical\Libraries\NcGlobal\NcGlobal.var"
    LogicalPath="Libraries.NcGlobal.NcGlobal.var"
    Type="File"
    LastWriteTime="132894985556942343"
    Private="false" />
  <Object
    Path="C:\Users\admin\Desktop\KVBO-03-21\Revunov\prak4\Logical\Libraries\Acp10sdc\binary.lby"
    LogicalPath="Libraries.Acp10sdc"
    Type="Library"
    LastWriteTime="132894985653554046" />
  <Object
    Path="C:\Users\admin\Desktop\KVBO-03-21\Revunov\prak4\Logical\Libraries\Acp10sdc\acp10sdc.var"
    LogicalPath="Libraries.Acp10sdc.acp10sdc.var"
    Type="File"
    LastWriteTime="132894985653504067"
    Private="false" />
  <Object
    Path="C:\Users\admin\Desktop\KVBO-03-21\Revunov\prak4\Logical\Libraries\Acp10sdc\acp10sdc.typ"
    LogicalPath="Libraries.Acp10sdc.acp10sdc.typ"
    Type="File"
    LastWriteTime="132894985653554046"
    Private="false" />
  <Object
    Path="C:\Users\admin\Desktop\KVBO-03-21\Revunov\prak4\Logical\Libraries\AsBrStr\binary.lby"
    LogicalPath="Libraries.AsBrStr"
    Type="Library"
    LastWriteTime="132894985660400377" />
  <Object
    Path="C:\Users\admin\Desktop\KVBO-03-21\Revunov\prak4\Logical\Libraries\AsBrStr\AsBrStr.fun"
    LogicalPath="Libraries.AsBrStr.AsBrStr.fun"
    Type="File"
    LastWriteTime="132894985660300721"
    Private="false" />
  <Object
    Path="C:\Users\admin\Desktop\KVBO-03-21\Revunov\prak4\Logical\Libraries\AsBrStr\AsBrStr.typ"
    LogicalPath="Libraries.AsBrStr.AsBrStr.typ"
    Type="File"
    LastWriteTime="132894985660350687"
    Private="false" />
  <Object
    Path="C:\Users\admin\Desktop\KVBO-03-21\Revunov\prak4\Logical\Libraries\AsBrStr\AsBrStr.var"
    LogicalPath="Libraries.AsBrStr.AsBrStr.var"
    Type="File"
    LastWriteTime="132894985660400377"
    Private="false" />
  <Object
    Path="C:\Users\admin\Desktop\KVBO-03-21\Revunov\prak4\Logical\Libraries\Acp10_MC\binary.lby"
    LogicalPath="Libraries.Acp10_MC"
    Type="Library"
    LastWriteTime="132931286020087344" />
  <Object
    Path="C:\Users\admin\Desktop\KVBO-03-21\Revunov\prak4\Logical\Libraries\Acp10_MC\acp10_mc.fun"
    LogicalPath="Libraries.Acp10_MC.acp10_mc.fun"
    Type="File"
    LastWriteTime="132931286019931127"
    Private="false" />
  <Object
    Path="C:\Users\admin\Desktop\KVBO-03-21\Revunov\prak4\Logical\Libraries\Acp10_MC\acp10_mc.typ"
    LogicalPath="Libraries.Acp10_MC.acp10_mc.typ"
    Type="File"
    LastWriteTime="132931286020087344"
    Private="false" />
  <Object
    Path="C:\Users\admin\Desktop\KVBO-03-21\Revunov\prak4\Logical\Libraries\Acp10_MC\acp10_mc.var"
    LogicalPath="Libraries.Acp10_MC.acp10_mc.var"
    Type="File"
    LastWriteTime="132931286020087344"
    Private="false" />
  <Object
    Path="C:\Users\admin\Desktop\KVBO-03-21\Revunov\prak4\Logical\Libraries\brsystem\binary.lby"
    LogicalPath="Libraries.brsystem"
    Type="Library"
    LastWriteTime="132931286020868117" />
  <Object
    Path="C:\Users\admin\Desktop\KVBO-03-21\Revunov\prak4\Logical\Libraries\brsystem\brsystem.fun"
    LogicalPath="Libraries.brsystem.brsystem.fun"
    Type="File"
    LastWriteTime="132931286020711910"
    Private="false" />
  <Object
    Path="C:\Users\admin\Desktop\KVBO-03-21\Revunov\prak4\Logical\Libraries\brsystem\brsystem.typ"
    LogicalPath="Libraries.brsystem.brsystem.typ"
    Type="File"
    LastWriteTime="132931286020711910"
    Private="false" />
  <Object
    Path="C:\Users\admin\Desktop\KVBO-03-21\Revunov\prak4\Logical\Libraries\brsystem\brsystem.var"
    LogicalPath="Libraries.brsystem.brsystem.var"
    Type="File"
    LastWriteTime="132931286020868117"
    Private="false" />
  <Object
    Path="C:\Users\admin\Desktop\KVBO-03-21\Revunov\prak4\Logical\Libraries\sys_lib\binary.lby"
    LogicalPath="Libraries.sys_lib"
    Type="Library"
    LastWriteTime="132931286021492982" />
  <Object
    Path="C:\Users\admin\Desktop\KVBO-03-21\Revunov\prak4\Logical\Libraries\sys_lib\sys_lib.fun"
    LogicalPath="Libraries.sys_lib.sys_lib.fun"
    Type="File"
    LastWriteTime="132931286021337094"
    Private="false" />
  <Object
    Path="C:\Users\admin\Desktop\KVBO-03-21\Revunov\prak4\Logical\Libraries\sys_lib\sys_lib.typ"
    LogicalPath="Libraries.sys_lib.sys_lib.typ"
    Type="File"
    LastWriteTime="132931286021337094"
    Private="false" />
  <Object
    Path="C:\Users\admin\Desktop\KVBO-03-21\Revunov\prak4\Logical\Libraries\sys_lib\sys_lib.var"
    LogicalPath="Libraries.sys_lib.sys_lib.var"
    Type="File"
    LastWriteTime="132931286021492982"
    Private="false" />
  <Object
    Path="C:\Users\admin\Desktop\KVBO-03-21\Revunov\prak4\Logical\acp10etxen\Ett.dob"
    LogicalPath="acp10etxen"
    Type="DataObject"
    LastWriteTime="132894985645748515" />
  <Object
    Path="C:\Users\admin\Desktop\KVBO-03-21\Revunov\prak4\Logical\acp10etxen\acp10etxen.ett"
    LogicalPath="acp10etxen.acp10etxen.ett"
    Type="File"
    LastWriteTime="132894985646398449"
    Private="false" />
  <Object
    Path="C:\Users\admin\Desktop\KVBO-03-21\Revunov\prak4\Logical\Visu\Vc.dob"
    LogicalPath="Visu"
    Type="DataObject"
    LastWriteTime="132931223972603787" />
  <Object
    Path="C:\Users\admin\Desktop\KVBO-03-21\Revunov\prak4\Logical\Visu\VCObject.vc"
    LogicalPath="Visu.VCObject.vc"
    Type="File"
    LastWriteTime="132931223972603787"
    Private="false" />
  <Object
    Path="C:\Users\admin\Desktop\KVBO-03-21\Revunov\prak4\Logical\Program\ANSIC.prg"
    LogicalPath="Program"
    Type="Program"
    LastWriteTime="132931253003943902" />
  <Object
    Path="C:\Users\admin\Desktop\KVBO-03-21\Revunov\prak4\Logical\Program\Main.c"
    LogicalPath="Program.Main.c"
    Type="File"
    LastWriteTime="132955443865587326"
    Private="false" />
  <Object
    Path="C:\Users\admin\Desktop\KVBO-03-21\Revunov\prak4\Logical\Program\Types.typ"
    LogicalPath="Program.Types.typ"
    Type="File"
    LastWriteTime="132931253003787969"
    Private="true" />
  <Object
    Path="C:\Users\admin\Desktop\KVBO-03-21\Revunov\prak4\Logical\Program\Variables.var"
    LogicalPath="Program.Variables.var"
    Type="File"
    LastWriteTime="132955435852542366"
    Private="true" />
  <Object
    Path="C:\Users\admin\Desktop\KVBO-03-21\Revunov\prak4\Logical\ncsdcctrl\IEC.prg"
    LogicalPath="ncsdcctrl"
    Type="Program"
    LastWriteTime="132931285990250587" />
  <Object
    Path="C:\Users\admin\Desktop\KVBO-03-21\Revunov\prak4\Logical\ncsdcctrl\ncsdcctrlCyclic.st"
    LogicalPath="ncsdcctrl.ncsdcctrlCyclic.st"
    Type="File"
    LastWriteTime="132931288695236223"
    Private="false" />
  <Object
    Path="C:\Users\admin\Desktop\KVBO-03-21\Revunov\prak4\Logical\ncsdcctrl\ncsdcctrlInit.st"
    LogicalPath="ncsdcctrl.ncsdcctrlInit.st"
    Type="File"
    LastWriteTime="132931288695236223"
    Private="false" />
  <Object
    Path="C:\Users\admin\Desktop\KVBO-03-21\Revunov\prak4\Logical\ncsdcctrl\ncsdcctrl.typ"
    LogicalPath="ncsdcctrl.ncsdcctrl.typ"
    Type="File"
    LastWriteTime="132931286005402986"
    Private="true" />
  <Object
    Path="C:\Users\admin\Desktop\KVBO-03-21\Revunov\prak4\Logical\ncsdcctrl\ncsdcctrl.var"
    LogicalPath="ncsdcctrl.ncsdcctrl.var"
    Type="File"
    LastWriteTime="132931286060859011"
    Private="true" />
  <Object
    Path="C:\Users\admin\Desktop\KVBO-03-21\Revunov\prak4\Logical\gAxis03obj\Package.pkg"
    LogicalPath="gAxis03obj"
    Type="Package"
    LastWriteTime="132931303469070397" />
  <Object
    Path="C:\Users\admin\Desktop\KVBO-03-21\Revunov\prak4\Logical\gAxis03obj\gAxis03a\Apt.dob"
    LogicalPath="gAxis03obj.gAxis03a"
    Type="DataObject"
    LastWriteTime="132931288703671450" />
  <Object
    Path="C:\Users\admin\Desktop\KVBO-03-21\Revunov\prak4\Logical\gAxis03obj\gAxis03a\gAxis03a.apt"
    LogicalPath="gAxis03obj.gAxis03a.gAxis03a.apt"
    Type="File"
    LastWriteTime="132931288703827660"
    Private="false" />
  <Object
    Path="C:\Users\admin\Desktop\KVBO-03-21\Revunov\prak4\Logical\gAxis03obj\gAxis03i\Ax.dob"
    LogicalPath="gAxis03obj.gAxis03i"
    Type="DataObject"
    LastWriteTime="132931288711325910" />
  <Object
    Path="C:\Users\admin\Desktop\KVBO-03-21\Revunov\prak4\Logical\gAxis03obj\gAxis03i\gAxis03i.ax"
    LogicalPath="gAxis03obj.gAxis03i.gAxis03i.ax"
    Type="File"
    LastWriteTime="132931288712575607"
    Private="false" />
  <Object
    Path="C:\Users\admin\Desktop\KVBO-03-21\Revunov\prak4\Logical\Library\ANSIC.lby"
    LogicalPath="Library"
    Type="Library"
    LastWriteTime="132931305149601714" />
  <Object
    Path="C:\Users\admin\Desktop\KVBO-03-21\Revunov\prak4\Logical\Library\Types.typ"
    LogicalPath="Library.Types.typ"
    Type="File"
    LastWriteTime="132931304046555612"
    Private="false" />
  <Object
    Path="C:\Users\admin\Desktop\KVBO-03-21\Revunov\prak4\Logical\Library\Constants.var"
    LogicalPath="Library.Constants.var"
    Type="File"
    LastWriteTime="132931324122875387"
    Private="false" />
  <Object
    Path="C:\Users\admin\Desktop\KVBO-03-21\Revunov\prak4\Logical\Library\Library.fun"
    LogicalPath="Library.Library.fun"
    Type="File"
    LastWriteTime="132931311886205635"
    Private="false" />
  <Object
    Path="C:\Users\admin\Desktop\KVBO-03-21\Revunov\prak4\Logical\Library\DRIVE.c"
    LogicalPath="Library.DRIVE.c"
    Type="File"
    LastWriteTime="132931311886104685"
    Private="false" />
  <Object
    Path="C:\Users\admin\Desktop\KVBO-03-21\Revunov\prak4\Logical\Program1\ANSIC.prg"
    LogicalPath="Program1"
    Type="Program"
    LastWriteTime="132955443488715648" />
  <Object
    Path="C:\Users\admin\Desktop\KVBO-03-21\Revunov\prak4\Logical\Program1\Main.c"
    LogicalPath="Program1.Main.c"
    Type="File"
    LastWriteTime="132955443866006203"
    Private="false" />
  <Object
    Path="C:\Users\admin\Desktop\KVBO-03-21\Revunov\prak4\Logical\Program1\Types.typ"
    LogicalPath="Program1.Types.typ"
    Type="File"
    LastWriteTime="132955443488636145"
    Private="true" />
  <Object
    Path="C:\Users\admin\Desktop\KVBO-03-21\Revunov\prak4\Logical\Program1\Variables.var"
    LogicalPath="Program1.Variables.var"
    Type="File"
    LastWriteTime="132955443488695697"
    Private="true" />
  <Object
    Path="C:\Users\admin\Desktop\KVBO-03-21\Revunov\prak4\Physical\Config1\Config.pkg"
    LogicalPath="Config1"
    Type="Configuration.ParentUnknown"
    LastWriteTime="132894974233029617" />
  <Object
    Path="C:\Users\admin\Desktop\KVBO-03-21\Revunov\prak4\Physical\Config1\Hardware.hw"
    LogicalPath="Config1.Hardware.hw"
    Type="File"
    LastWriteTime="132943321084762660"
    Private="false" />
  <Object
    Path="C:\Users\admin\Desktop\KVBO-03-21\Revunov\prak4\Physical\Config1\Hardware.hwl"
    LogicalPath="Config1.Hardware.hwl"
    Type="File"
    LastWriteTime="132931311881932638"
    Private="false" />
  <Object
    Path="C:\Users\admin\Desktop\KVBO-03-21\Revunov\prak4\Physical\Config1\4PP065_0571_P74\Cpu.pkg"
    LogicalPath="Config1.4PP065_0571_P74"
    Type="Cpu"
    LastWriteTime="132894985546313039" />
  <Object
    Path="C:\Users\admin\Desktop\KVBO-03-21\Revunov\prak4\Physical\Config1\4PP065_0571_P74\Cpu.sw"
    LogicalPath="Config1.4PP065_0571_P74.Cpu.sw"
    Type="File"
    LastWriteTime="132955443489164746"
    Private="false" />
  <Object
    Path="C:\Users\admin\Desktop\KVBO-03-21\Revunov\prak4\Physical\Config1\4PP065_0571_P74\Cpu.per"
    LogicalPath="Config1.4PP065_0571_P74.Cpu.per"
    Type="File"
    LastWriteTime="132894974213188911"
    Private="false" />
  <Object
    Path="C:\Users\admin\Desktop\KVBO-03-21\Revunov\prak4\Physical\Config1\4PP065_0571_P74\IoMap.iom"
    LogicalPath="Config1.4PP065_0571_P74.IoMap.iom"
    Type="File"
    LastWriteTime="132955403224493887"
    Private="false" />
  <Object
    Path="C:\Users\admin\Desktop\KVBO-03-21\Revunov\prak4\Physical\Config1\4PP065_0571_P74\PvMap.vvm"
    LogicalPath="Config1.4PP065_0571_P74.PvMap.vvm"
    Type="File"
    LastWriteTime="132894974213292899"
    Private="false" />
  <Object
    Path="C:\Users\admin\Desktop\KVBO-03-21\Revunov\prak4\Physical\Config1\4PP065_0571_P74\Connectivity\Package.pkg"
    LogicalPath="Config1.4PP065_0571_P74.Connectivity"
    Type="Package"
    LastWriteTime="132894974213592764" />
  <Object
    Path="C:\Users\admin\Desktop\KVBO-03-21\Revunov\prak4\Physical\Config1\4PP065_0571_P74\Connectivity\OpcUA\Package.pkg"
    LogicalPath="Config1.4PP065_0571_P74.Connectivity.OpcUA"
    Type="Package"
    LastWriteTime="132894974213592764" />
  <Object
    Path="C:\Users\admin\Desktop\KVBO-03-21\Revunov\prak4\Physical\Config1\4PP065_0571_P74\TextSystem\Package.pkg"
    LogicalPath="Config1.4PP065_0571_P74.TextSystem"
    Type="Package"
    LastWriteTime="132894974213642749" />
  <Object
    Path="C:\Users\admin\Desktop\KVBO-03-21\Revunov\prak4\Physical\Config1\4PP065_0571_P74\UnitSystem\Package.pkg"
    LogicalPath="Config1.4PP065_0571_P74.UnitSystem"
    Type="Package"
    LastWriteTime="132894974213692719" />
  <Object
    Path="C:\Users\admin\Desktop\KVBO-03-21\Revunov\prak4\Physical\Config1\4PP065_0571_P74\AccessAndSecurity\Package.pkg"
    LogicalPath="Config1.4PP065_0571_P74.AccessAndSecurity"
    Type="Package"
    LastWriteTime="132894974214281170" />
  <Object
    Path="C:\Users\admin\Desktop\KVBO-03-21\Revunov\prak4\Physical\Config1\4PP065_0571_P74\AccessAndSecurity\UserRoleSystem\Package.pkg"
    LogicalPath="Config1.4PP065_0571_P74.AccessAndSecurity.UserRoleSystem"
    Type="Package"
    LastWriteTime="132894974213892667" />
  <Object
    Path="C:\Users\admin\Desktop\KVBO-03-21\Revunov\prak4\Physical\Config1\4PP065_0571_P74\AccessAndSecurity\UserRoleSystem\Role.role"
    LogicalPath="Config1.4PP065_0571_P74.AccessAndSecurity.UserRoleSystem.Role.role"
    Type="File"
    LastWriteTime="132894974213842934"
    Private="false" />
  <Object
    Path="C:\Users\admin\Desktop\KVBO-03-21\Revunov\prak4\Physical\Config1\4PP065_0571_P74\AccessAndSecurity\UserRoleSystem\User.user"
    LogicalPath="Config1.4PP065_0571_P74.AccessAndSecurity.UserRoleSystem.User.user"
    Type="File"
    LastWriteTime="132894974213842934"
    Private="false" />
  <Object
    Path="C:\Users\admin\Desktop\KVBO-03-21\Revunov\prak4\Physical\Config1\4PP065_0571_P74\AccessAndSecurity\CertificateStore\Package.pkg"
    LogicalPath="Config1.4PP065_0571_P74.AccessAndSecurity.CertificateStore"
    Type="Package"
    LastWriteTime="132894974214231206" />
  <Object
    Path="C:\Users\admin\Desktop\KVBO-03-21\Revunov\prak4\Physical\Config1\4PP065_0571_P74\AccessAndSecurity\CertificateStore\OwnCertificates\Package.pkg"
    LogicalPath="Config1.4PP065_0571_P74.AccessAndSecurity.CertificateStore.OwnCertificates"
    Type="Package"
    LastWriteTime="132894974214042840" />
  <Object
    Path="C:\Users\admin\Desktop\KVBO-03-21\Revunov\prak4\Physical\Config1\4PP065_0571_P74\AccessAndSecurity\CertificateStore\OwnCertificates\Certificates\Package.pkg"
    LogicalPath="Config1.4PP065_0571_P74.AccessAndSecurity.CertificateStore.OwnCertificates.Certificates"
    Type="Package"
    LastWriteTime="132894974213992841" />
  <Object
    Path="C:\Users\admin\Desktop\KVBO-03-21\Revunov\prak4\Physical\Config1\4PP065_0571_P74\AccessAndSecurity\CertificateStore\OwnCertificates\PrivateKeys\Package.pkg"
    LogicalPath="Config1.4PP065_0571_P74.AccessAndSecurity.CertificateStore.OwnCertificates.PrivateKeys"
    Type="Package"
    LastWriteTime="132894974214042840" />
  <Object
    Path="C:\Users\admin\Desktop\KVBO-03-21\Revunov\prak4\Physical\Config1\4PP065_0571_P74\AccessAndSecurity\CertificateStore\ThirdPartyCertificates\Package.pkg"
    LogicalPath="Config1.4PP065_0571_P74.AccessAndSecurity.CertificateStore.ThirdPartyCertificates"
    Type="Package"
    LastWriteTime="132894974214131533" />
  <Object
    Path="C:\Users\admin\Desktop\KVBO-03-21\Revunov\prak4\Physical\Config1\4PP065_0571_P74\AccessAndSecurity\CertificateStore\ThirdPartyCertificates\SoftwareCertificates\Package.pkg"
    LogicalPath="Config1.4PP065_0571_P74.AccessAndSecurity.CertificateStore.ThirdPartyCertificates.SoftwareCertificates"
    Type="Package"
    LastWriteTime="132894974214131533" />
  <Object
    Path="C:\Users\admin\Desktop\KVBO-03-21\Revunov\prak4\Physical\Config1\4PP065_0571_P74\AccessAndSecurity\CertificateStore\CertificateRevocationLists\Package.pkg"
    LogicalPath="Config1.4PP065_0571_P74.AccessAndSecurity.CertificateStore.CertificateRevocationLists"
    Type="Package"
    LastWriteTime="132894974214181526" />
  <Object
    Path="C:\Users\admin\Desktop\KVBO-03-21\Revunov\prak4\Physical\Config1\4PP065_0571_P74\AccessAndSecurity\CertificateStore\CertificateSigningRequests\Package.pkg"
    LogicalPath="Config1.4PP065_0571_P74.AccessAndSecurity.CertificateStore.CertificateSigningRequests"
    Type="Package"
    LastWriteTime="132894974214231206" />
  <Object
    Path="C:\Users\admin\Desktop\KVBO-03-21\Revunov\prak4\Physical\Config1\4PP065_0571_P74\AccessAndSecurity\TransportLayerSecurity\Package.pkg"
    LogicalPath="Config1.4PP065_0571_P74.AccessAndSecurity.TransportLayerSecurity"
    Type="Package"
    LastWriteTime="132894974214281170" />
  <Object
    Path="C:\Users\admin\Desktop\KVBO-03-21\Revunov\prak4\Physical\Config1\4PP065_0571_P74\mappControl\Package.pkg"
    LogicalPath="Config1.4PP065_0571_P74.mappControl"
    Type="Package"
    LastWriteTime="132894974214331147" />
  <Object
    Path="C:\Users\admin\Desktop\KVBO-03-21\Revunov\prak4\Physical\Config1\4PP065_0571_P74\mappMotion\Package.pkg"
    LogicalPath="Config1.4PP065_0571_P74.mappMotion"
    Type="Package"
    LastWriteTime="132894974214381117" />
  <Object
    Path="C:\Users\admin\Desktop\KVBO-03-21\Revunov\prak4\Physical\Config1\4PP065_0571_P74\mappServices\Package.pkg"
    LogicalPath="Config1.4PP065_0571_P74.mappServices"
    Type="Package"
    LastWriteTime="132894974214481064" />
  <Object
    Path="C:\Users\admin\Desktop\KVBO-03-21\Revunov\prak4\Physical\Config1\4PP065_0571_P74\mappView\Package.pkg"
    LogicalPath="Config1.4PP065_0571_P74.mappView"
    Type="Package"
    LastWriteTime="132894974214531038" />
  <Object
    Path="C:\Users\admin\Desktop\KVBO-03-21\Revunov\prak4\Physical\Config1\4PP065_0571_P74\mappCockpit\Package.pkg"
    LogicalPath="Config1.4PP065_0571_P74.mappCockpit"
    Type="Package"
    LastWriteTime="132894974214630985" />
  <Object
    Path="C:\Users\admin\Desktop\KVBO-03-21\Revunov\prak4\Physical\Config1\4PP065_0571_P74\Motion\Package.pkg"
    LogicalPath="Config1.4PP065_0571_P74.Motion"
    Type="Package"
    LastWriteTime="132894985563483884" />
  <Object
    Path="C:\Users\admin\Desktop\KVBO-03-21\Revunov\prak4\Physical\Config1\4PP065_0571_P74\Motion\Acp10map.ncm"
    LogicalPath="Config1.4PP065_0571_P74.Motion.Acp10map.ncm"
    Type="File"
    LastWriteTime="132931288702265527"
    Private="false" />
  <Object
    Path="C:\Users\admin\Desktop\KVBO-03-21\Revunov\prak4\Physical\Config1\4PP065_0571_P74\Motion\Acp10cfg.ncc"
    LogicalPath="Config1.4PP065_0571_P74.Motion.Acp10cfg.ncc"
    Type="File"
    LastWriteTime="132894985645548620"
    Private="false" />
  <Object
    Path="C:\Users\admin\Desktop\KVBO-03-21\Revunov\prak4\Physical\Config1\4PP065_0571_P74\Motion\Acp10sys.br"
    LogicalPath="Config1.4PP065_0571_P74.Motion.Acp10sys.br"
    Type="File"
    LastWriteTime="132894985564383710"
    Private="false" />
  <Object
    Path="C:\Users\admin\Desktop\KVBO-03-21\Revunov\prak4\Physical\Config1\Hardware.jpg"
    LogicalPath="Config1.Hardware.jpg"
    Type="File"
    LastWriteTime="132931315318427401"
    Private="false" />
</Objects>